This file contains any messages produced by compilers while
running configure, to aid debugging if configure makes a mistake.

It was created by FastJet configure 3.1.3, which was
generated by GNU Autoconf 2.63.  Invocation command line was

  $ ./configure --prefix=/home/student/jet-radius-analysis/fastjet-3.1.3/../fastjet-install

## --------- ##
## Platform. ##
## --------- ##

hostname = rnc-student
uname -m = x86_64
uname -r = 3.19.0-43-generic
uname -s = Linux
uname -v = #49~14.04.1-Ubuntu SMP Thu Dec 31 15:44:49 UTC 2015

/usr/bin/uname -p = unknown
/bin/uname -X     = unknown

/bin/arch              = unknown
/usr/bin/arch -k       = unknown
/usr/convex/getsysinfo = unknown
/usr/bin/hostinfo      = unknown
/bin/machine           = unknown
/usr/bin/oslevel       = unknown
/bin/universe          = unknown

PATH: /home/student/alice/fastjet/3.1.3/inst/bin
PATH: /home/student/alice/aliphysics/master/inst/bin
PATH: /home/student/alice/aliroot/master/inst/bin
PATH: /home/student/alice/aliroot/master/inst/bin/tgt_linuxx8664gcc
PATH: /home/student/alice/root/alice_v5-34-30/inst/bin
PATH: /home/student/alice/alien/api/bin
PATH: /usr/local/sbin
PATH: /usr/local/bin
PATH: /usr/sbin
PATH: /usr/bin
PATH: /sbin
PATH: /bin
PATH: /usr/games
PATH: /usr/local/games


## ----------- ##
## Core tests. ##
## ----------- ##

configure:2179: checking for a BSD-compatible install
configure:2247: result: /usr/bin/install -c
configure:2258: checking whether build environment is sane
configure:2318: result: yes
configure:2459: checking for a thread-safe mkdir -p
configure:2498: result: /bin/mkdir -p
configure:2511: checking for gawk
configure:2541: result: no
configure:2511: checking for mawk
configure:2527: found /usr/bin/mawk
configure:2538: result: mawk
configure:2549: checking whether make sets $(MAKE)
configure:2571: result: yes
configure:2648: checking how to create a ustar tar archive
configure:2661: tar --version
tar (GNU tar) 1.27.1
Copyright (C) 2013 Free Software Foundation, Inc.
License GPLv3+: GNU GPL version 3 or later <http://gnu.org/licenses/gpl.html>.
This is free software: you are free to change and redistribute it.
There is NO WARRANTY, to the extent permitted by law.

Written by John Gilmore and Jay Fenlason.
configure:2664: $? = 0
configure:2704: tardir=conftest.dir && eval tar --format=ustar -chf - "$tardir" >conftest.tar
configure:2707: $? = 0
configure:2711: tar -xf - <conftest.tar
configure:2714: $? = 0
configure:2727: result: gnutar
configure:2761: checking for style of include used by make
configure:2789: result: GNU
configure:2859: checking for gcc
configure:2875: found /usr/bin/gcc
configure:2886: result: gcc
configure:3118: checking for C compiler version
configure:3126: gcc --version >&5
gcc (Ubuntu 4.8.4-2ubuntu1~14.04.1) 4.8.4
Copyright (C) 2013 Free Software Foundation, Inc.
This is free software; see the source for copying conditions.  There is NO
warranty; not even for MERCHANTABILITY or FITNESS FOR A PARTICULAR PURPOSE.

configure:3130: $? = 0
configure:3137: gcc -v >&5
Using built-in specs.
COLLECT_GCC=gcc
COLLECT_LTO_WRAPPER=/usr/lib/gcc/x86_64-linux-gnu/4.8/lto-wrapper
Target: x86_64-linux-gnu
Configured with: ../src/configure -v --with-pkgversion='Ubuntu 4.8.4-2ubuntu1~14.04.1' --with-bugurl=file:///usr/share/doc/gcc-4.8/README.Bugs --enable-languages=c,c++,java,go,d,fortran,objc,obj-c++ --prefix=/usr --program-suffix=-4.8 --enable-shared --enable-linker-build-id --libexecdir=/usr/lib --without-included-gettext --enable-threads=posix --with-gxx-include-dir=/usr/include/c++/4.8 --libdir=/usr/lib --enable-nls --with-sysroot=/ --enable-clocale=gnu --enable-libstdcxx-debug --enable-libstdcxx-time=yes --enable-gnu-unique-object --disable-libmudflap --enable-plugin --with-system-zlib --disable-browser-plugin --enable-java-awt=gtk --enable-gtk-cairo --with-java-home=/usr/lib/jvm/java-1.5.0-gcj-4.8-amd64/jre --enable-java-home --with-jvm-root-dir=/usr/lib/jvm/java-1.5.0-gcj-4.8-amd64 --with-jvm-jar-dir=/usr/lib/jvm-exports/java-1.5.0-gcj-4.8-amd64 --with-arch-directory=amd64 --with-ecj-jar=/usr/share/java/eclipse-ecj.jar --enable-objc-gc --enable-multiarch --disable-werror --with-arch-32=i686 --with-abi=m64 --with-multilib-list=m32,m64,mx32 --with-tune=generic --enable-checking=release --build=x86_64-linux-gnu --host=x86_64-linux-gnu --target=x86_64-linux-gnu
Thread model: posix
gcc version 4.8.4 (Ubuntu 4.8.4-2ubuntu1~14.04.1) 
configure:3141: $? = 0
configure:3148: gcc -V >&5
gcc: error: unrecognized command line option '-V'
gcc: fatal error: no input files
compilation terminated.
configure:3152: $? = 4
configure:3175: checking for C compiler default output file name
configure:3197: gcc    conftest.c  >&5
configure:3201: $? = 0
configure:3239: result: a.out
configure:3258: checking whether the C compiler works
configure:3268: ./a.out
configure:3272: $? = 0
configure:3291: result: yes
configure:3298: checking whether we are cross compiling
configure:3300: result: no
configure:3303: checking for suffix of executables
configure:3310: gcc -o conftest    conftest.c  >&5
configure:3314: $? = 0
configure:3340: result: 
configure:3346: checking for suffix of object files
configure:3372: gcc -c   conftest.c >&5
configure:3376: $? = 0
configure:3401: result: o
configure:3405: checking whether we are using the GNU C compiler
configure:3434: gcc -c   conftest.c >&5
configure:3441: $? = 0
configure:3458: result: yes
configure:3467: checking whether gcc accepts -g
configure:3497: gcc -c -g  conftest.c >&5
configure:3504: $? = 0
configure:3605: result: yes
configure:3622: checking for gcc option to accept ISO C89
configure:3696: gcc  -c -g -O2  conftest.c >&5
configure:3703: $? = 0
configure:3726: result: none needed
configure:3746: checking dependency style of gcc
configure:3856: result: gcc3
configure:3877: checking how to run the C preprocessor
configure:3917: gcc -E  conftest.c
configure:3924: $? = 0
configure:3955: gcc -E  conftest.c
conftest.c:10:28: fatal error: ac_nonexistent.h: No such file or directory
 #include <ac_nonexistent.h>
                            ^
compilation terminated.
configure:3962: $? = 1
configure: failed program was:
| /* confdefs.h.  */
| #define PACKAGE_NAME "FastJet"
| #define PACKAGE_TARNAME "fastjet"
| #define PACKAGE_VERSION "3.1.3"
| #define PACKAGE_STRING "FastJet 3.1.3"
| #define PACKAGE_BUGREPORT ""
| #define PACKAGE "fastjet"
| #define VERSION "3.1.3"
| /* end confdefs.h.  */
| #include <ac_nonexistent.h>
configure:3995: result: gcc -E
configure:4024: gcc -E  conftest.c
configure:4031: $? = 0
configure:4062: gcc -E  conftest.c
conftest.c:10:28: fatal error: ac_nonexistent.h: No such file or directory
 #include <ac_nonexistent.h>
                            ^
compilation terminated.
configure:4069: $? = 1
configure: failed program was:
| /* confdefs.h.  */
| #define PACKAGE_NAME "FastJet"
| #define PACKAGE_TARNAME "fastjet"
| #define PACKAGE_VERSION "3.1.3"
| #define PACKAGE_STRING "FastJet 3.1.3"
| #define PACKAGE_BUGREPORT ""
| #define PACKAGE "fastjet"
| #define VERSION "3.1.3"
| /* end confdefs.h.  */
| #include <ac_nonexistent.h>
configure:4109: checking for grep that handles long lines and -e
configure:4169: result: /bin/grep
configure:4174: checking for egrep
configure:4238: result: /bin/grep -E
configure:4243: checking for ANSI C header files
configure:4273: gcc -c -g -O2  conftest.c >&5
configure:4280: $? = 0
configure:4379: gcc -o conftest -g -O2   conftest.c  >&5
configure:4383: $? = 0
configure:4389: ./conftest
configure:4393: $? = 0
configure:4411: result: yes
configure:4435: checking for sys/types.h
configure:4456: gcc -c -g -O2  conftest.c >&5
configure:4463: $? = 0
configure:4480: result: yes
configure:4435: checking for sys/stat.h
configure:4456: gcc -c -g -O2  conftest.c >&5
configure:4463: $? = 0
configure:4480: result: yes
configure:4435: checking for stdlib.h
configure:4456: gcc -c -g -O2  conftest.c >&5
configure:4463: $? = 0
configure:4480: result: yes
configure:4435: checking for string.h
configure:4456: gcc -c -g -O2  conftest.c >&5
configure:4463: $? = 0
configure:4480: result: yes
configure:4435: checking for memory.h
configure:4456: gcc -c -g -O2  conftest.c >&5
configure:4463: $? = 0
configure:4480: result: yes
configure:4435: checking for strings.h
configure:4456: gcc -c -g -O2  conftest.c >&5
configure:4463: $? = 0
configure:4480: result: yes
configure:4435: checking for inttypes.h
configure:4456: gcc -c -g -O2  conftest.c >&5
configure:4463: $? = 0
configure:4480: result: yes
configure:4435: checking for stdint.h
configure:4456: gcc -c -g -O2  conftest.c >&5
configure:4463: $? = 0
configure:4480: result: yes
configure:4435: checking for unistd.h
configure:4456: gcc -c -g -O2  conftest.c >&5
configure:4463: $? = 0
configure:4480: result: yes
configure:4494: checking for int
configure:4522: gcc -c -g -O2  conftest.c >&5
configure:4529: $? = 0
configure:4556: gcc -c -g -O2  conftest.c >&5
conftest.c: In function 'main':
conftest.c:56:18: error: expected expression before ')' token
 if (sizeof ((int)))
                  ^
configure:4563: $? = 1
configure: failed program was:
| /* confdefs.h.  */
| #define PACKAGE_NAME "FastJet"
| #define PACKAGE_TARNAME "fastjet"
| #define PACKAGE_VERSION "3.1.3"
| #define PACKAGE_STRING "FastJet 3.1.3"
| #define PACKAGE_BUGREPORT ""
| #define PACKAGE "fastjet"
| #define VERSION "3.1.3"
| #define STDC_HEADERS 1
| #define HAVE_SYS_TYPES_H 1
| #define HAVE_SYS_STAT_H 1
| #define HAVE_STDLIB_H 1
| #define HAVE_STRING_H 1
| #define HAVE_MEMORY_H 1
| #define HAVE_STRINGS_H 1
| #define HAVE_INTTYPES_H 1
| #define HAVE_STDINT_H 1
| #define HAVE_UNISTD_H 1
| /* end confdefs.h.  */
| #include <stdio.h>
| #ifdef HAVE_SYS_TYPES_H
| # include <sys/types.h>
| #endif
| #ifdef HAVE_SYS_STAT_H
| # include <sys/stat.h>
| #endif
| #ifdef STDC_HEADERS
| # include <stdlib.h>
| # include <stddef.h>
| #else
| # ifdef HAVE_STDLIB_H
| #  include <stdlib.h>
| # endif
| #endif
| #ifdef HAVE_STRING_H
| # if !defined STDC_HEADERS && defined HAVE_MEMORY_H
| #  include <memory.h>
| # endif
| # include <string.h>
| #endif
| #ifdef HAVE_STRINGS_H
| # include <strings.h>
| #endif
| #ifdef HAVE_INTTYPES_H
| # include <inttypes.h>
| #endif
| #ifdef HAVE_STDINT_H
| # include <stdint.h>
| #endif
| #ifdef HAVE_UNISTD_H
| # include <unistd.h>
| #endif
| int
| main ()
| {
| if (sizeof ((int)))
| 	  return 0;
|   ;
|   return 0;
| }
configure:4586: result: yes
configure:4589: checking for long
configure:4617: gcc -c -g -O2  conftest.c >&5
configure:4624: $? = 0
configure:4651: gcc -c -g -O2  conftest.c >&5
conftest.c: In function 'main':
conftest.c:56:19: error: expected expression before ')' token
 if (sizeof ((long)))
                   ^
configure:4658: $? = 1
configure: failed program was:
| /* confdefs.h.  */
| #define PACKAGE_NAME "FastJet"
| #define PACKAGE_TARNAME "fastjet"
| #define PACKAGE_VERSION "3.1.3"
| #define PACKAGE_STRING "FastJet 3.1.3"
| #define PACKAGE_BUGREPORT ""
| #define PACKAGE "fastjet"
| #define VERSION "3.1.3"
| #define STDC_HEADERS 1
| #define HAVE_SYS_TYPES_H 1
| #define HAVE_SYS_STAT_H 1
| #define HAVE_STDLIB_H 1
| #define HAVE_STRING_H 1
| #define HAVE_MEMORY_H 1
| #define HAVE_STRINGS_H 1
| #define HAVE_INTTYPES_H 1
| #define HAVE_STDINT_H 1
| #define HAVE_UNISTD_H 1
| /* end confdefs.h.  */
| #include <stdio.h>
| #ifdef HAVE_SYS_TYPES_H
| # include <sys/types.h>
| #endif
| #ifdef HAVE_SYS_STAT_H
| # include <sys/stat.h>
| #endif
| #ifdef STDC_HEADERS
| # include <stdlib.h>
| # include <stddef.h>
| #else
| # ifdef HAVE_STDLIB_H
| #  include <stdlib.h>
| # endif
| #endif
| #ifdef HAVE_STRING_H
| # if !defined STDC_HEADERS && defined HAVE_MEMORY_H
| #  include <memory.h>
| # endif
| # include <string.h>
| #endif
| #ifdef HAVE_STRINGS_H
| # include <strings.h>
| #endif
| #ifdef HAVE_INTTYPES_H
| # include <inttypes.h>
| #endif
| #ifdef HAVE_STDINT_H
| # include <stdint.h>
| #endif
| #ifdef HAVE_UNISTD_H
| # include <unistd.h>
| #endif
| int
| main ()
| {
| if (sizeof ((long)))
| 	  return 0;
|   ;
|   return 0;
| }
configure:4681: result: yes
configure:4751: checking for g++
configure:4767: found /usr/bin/g++
configure:4778: result: g++
configure:4805: checking for C++ compiler version
configure:4813: g++ --version >&5
g++ (Ubuntu 4.8.4-2ubuntu1~14.04.1) 4.8.4
Copyright (C) 2013 Free Software Foundation, Inc.
This is free software; see the source for copying conditions.  There is NO
warranty; not even for MERCHANTABILITY or FITNESS FOR A PARTICULAR PURPOSE.

configure:4817: $? = 0
configure:4824: g++ -v >&5
Using built-in specs.
COLLECT_GCC=g++
COLLECT_LTO_WRAPPER=/usr/lib/gcc/x86_64-linux-gnu/4.8/lto-wrapper
Target: x86_64-linux-gnu
Configured with: ../src/configure -v --with-pkgversion='Ubuntu 4.8.4-2ubuntu1~14.04.1' --with-bugurl=file:///usr/share/doc/gcc-4.8/README.Bugs --enable-languages=c,c++,java,go,d,fortran,objc,obj-c++ --prefix=/usr --program-suffix=-4.8 --enable-shared --enable-linker-build-id --libexecdir=/usr/lib --without-included-gettext --enable-threads=posix --with-gxx-include-dir=/usr/include/c++/4.8 --libdir=/usr/lib --enable-nls --with-sysroot=/ --enable-clocale=gnu --enable-libstdcxx-debug --enable-libstdcxx-time=yes --enable-gnu-unique-object --disable-libmudflap --enable-plugin --with-system-zlib --disable-browser-plugin --enable-java-awt=gtk --enable-gtk-cairo --with-java-home=/usr/lib/jvm/java-1.5.0-gcj-4.8-amd64/jre --enable-java-home --with-jvm-root-dir=/usr/lib/jvm/java-1.5.0-gcj-4.8-amd64 --with-jvm-jar-dir=/usr/lib/jvm-exports/java-1.5.0-gcj-4.8-amd64 --with-arch-directory=amd64 --with-ecj-jar=/usr/share/java/eclipse-ecj.jar --enable-objc-gc --enable-multiarch --disable-werror --with-arch-32=i686 --with-abi=m64 --with-multilib-list=m32,m64,mx32 --with-tune=generic --enable-checking=release --build=x86_64-linux-gnu --host=x86_64-linux-gnu --target=x86_64-linux-gnu
Thread model: posix
gcc version 4.8.4 (Ubuntu 4.8.4-2ubuntu1~14.04.1) 
configure:4828: $? = 0
configure:4835: g++ -V >&5
g++: error: unrecognized command line option '-V'
g++: fatal error: no input files
compilation terminated.
configure:4839: $? = 4
configure:4842: checking whether we are using the GNU C++ compiler
configure:4871: g++ -c -O2 -Wall  conftest.cpp >&5
configure:4878: $? = 0
configure:4895: result: yes
configure:4904: checking whether g++ accepts -g
configure:4934: g++ -c -g  conftest.cpp >&5
configure:4941: $? = 0
configure:5042: result: yes
configure:5067: checking dependency style of g++
configure:5177: result: gcc3
configure:5197: checking for g++
configure:5213: found /usr/bin/g++
configure:5225: result: yes
configure:5253: checking for a BSD-compatible install
configure:5321: result: /usr/bin/install -c
configure:5332: checking whether ln -s works
configure:5336: result: yes
configure:5343: checking for a sed that does not truncate output
configure:5409: result: /bin/sed
configure:5414: checking whether make sets $(MAKE)
configure:5436: result: yes
configure:5448: checking for ANSI C header files
configure:5616: result: yes
configure:5645: checking if g++ supports -Woverloaded-virtual flag
configure:5670: g++ -c -Woverloaded-virtual  conftest.cpp >&5
configure:5677: $? = 0
configure:5698: result: yes
configure:5765: checking execinfo.h usability
configure:5782: gcc -c -g -O2  conftest.c >&5
configure:5789: $? = 0
configure:5803: result: yes
configure:5807: checking execinfo.h presence
configure:5822: gcc -E  conftest.c
configure:5829: $? = 0
configure:5843: result: yes
configure:5871: checking for execinfo.h
configure:5880: result: yes
configure:5897: checking for cos in -lm
configure:5932: gcc -o conftest -g -O2   conftest.c -lm   >&5
conftest.c:29:6: warning: conflicting types for built-in function 'cos' [enabled by default]
 char cos ();
      ^
configure:5939: $? = 0
configure:5960: result: yes
configure:6742: checking if g++ supports -Wl,--enable-new-dtags flag
configure:6766: g++ -o conftest -Werror -Wl,--enable-new-dtags   conftest.cpp -lm  >&5
configure:6773: $? = 0
configure:6799: result: yes
configure:6998: checking whether to build all plugins
configure:7035: result: not set
configure:7039: checking whether to build all CXX plugins
configure:7074: result: not set
configure:7107: checking whether to build plugin SISCone
configure:7147: result: yes
configure:7156: checking whether to build plugin CDFCones
configure:7195: result: yes
configure:7202: checking whether to build plugin PxCone
configure:7241: result: no
configure:7246: checking whether to build plugin D0RunIICone
configure:7285: result: no
configure:7290: checking whether to build plugin NestedDefs
configure:7329: result: yes
configure:7334: checking whether to build plugin TrackJet
configure:7373: result: no
configure:7378: checking whether to build plugin ATLASCone
configure:7417: result: no
configure:7422: checking whether to build plugin CMSIterativeCone
configure:7461: result: no
configure:7466: checking whether to build plugin EECambridge
configure:7505: result: yes
configure:7510: checking whether to build plugin Jade
configure:7549: result: yes
configure:7554: checking whether to build plugin D0RunICone
configure:7593: result: no
configure:7598: checking whether to build plugin GridJet
configure:7637: result: yes
configure:7673: checking build system type
configure:7691: result: x86_64-unknown-linux-gnu
configure:7713: checking host system type
configure:7728: result: x86_64-unknown-linux-gnu
configure:7750: checking for a sed that does not truncate output
configure:7816: result: /bin/sed
configure:7834: checking for fgrep
configure:7898: result: /bin/grep -F
configure:7933: checking for ld used by gcc
configure:8000: result: /usr/bin/ld
configure:8009: checking if the linker (/usr/bin/ld) is GNU ld
configure:8024: result: yes
configure:8036: checking for BSD- or MS-compatible name lister (nm)
configure:8085: result: /usr/bin/nm -B
configure:8203: checking the name lister (/usr/bin/nm -B) interface
configure:8210: gcc -c -g -O2  conftest.c >&5
configure:8213: /usr/bin/nm -B "conftest.o"
configure:8216: output
0000000000000000 B some_variable
configure:8223: result: BSD nm
configure:8227: checking the maximum length of command line arguments
configure:8347: result: 1572864
configure:8364: checking whether the shell understands some XSI constructs
configure:8374: result: yes
configure:8378: checking whether the shell understands "+="
configure:8384: result: yes
configure:8419: checking for /usr/bin/ld option to reload object files
configure:8426: result: -r
configure:8495: checking for objdump
configure:8511: found /usr/bin/objdump
configure:8522: result: objdump
configure:8554: checking how to recognize dependent libraries
configure:8750: result: pass_all
configure:8810: checking for ar
configure:8826: found /usr/bin/ar
configure:8837: result: ar
configure:8915: checking for strip
configure:8931: found /usr/bin/strip
configure:8942: result: strip
configure:9014: checking for ranlib
configure:9030: found /usr/bin/ranlib
configure:9041: result: ranlib
configure:9131: checking command to parse /usr/bin/nm -B output from gcc object
configure:9249: gcc -c -g -O2  conftest.c >&5
configure:9252: $? = 0
configure:9256: /usr/bin/nm -B conftest.o \| sed -n -e 's/^.*[	 ]\([ABCDGIRSTW][ABCDGIRSTW]*\)[	 ][	 ]*\([_A-Za-z][_A-Za-z0-9]*\)$/\1 \2 \2/p' \> conftest.nm
configure:9259: $? = 0
configure:9313: gcc -o conftest -g -O2   conftest.c conftstm.o >&5
configure:9316: $? = 0
configure:9354: result: ok
configure:9449: gcc -c -g -O2  conftest.c >&5
configure:9452: $? = 0
configure:10219: checking for dlfcn.h
configure:10240: gcc -c -g -O2  conftest.c >&5
configure:10247: $? = 0
configure:10264: result: yes
configure:10391: checking for C++ compiler version
configure:10399: g++ --version >&5
g++ (Ubuntu 4.8.4-2ubuntu1~14.04.1) 4.8.4
Copyright (C) 2013 Free Software Foundation, Inc.
This is free software; see the source for copying conditions.  There is NO
warranty; not even for MERCHANTABILITY or FITNESS FOR A PARTICULAR PURPOSE.

configure:10403: $? = 0
configure:10410: g++ -v >&5
Using built-in specs.
COLLECT_GCC=g++
COLLECT_LTO_WRAPPER=/usr/lib/gcc/x86_64-linux-gnu/4.8/lto-wrapper
Target: x86_64-linux-gnu
Configured with: ../src/configure -v --with-pkgversion='Ubuntu 4.8.4-2ubuntu1~14.04.1' --with-bugurl=file:///usr/share/doc/gcc-4.8/README.Bugs --enable-languages=c,c++,java,go,d,fortran,objc,obj-c++ --prefix=/usr --program-suffix=-4.8 --enable-shared --enable-linker-build-id --libexecdir=/usr/lib --without-included-gettext --enable-threads=posix --with-gxx-include-dir=/usr/include/c++/4.8 --libdir=/usr/lib --enable-nls --with-sysroot=/ --enable-clocale=gnu --enable-libstdcxx-debug --enable-libstdcxx-time=yes --enable-gnu-unique-object --disable-libmudflap --enable-plugin --with-system-zlib --disable-browser-plugin --enable-java-awt=gtk --enable-gtk-cairo --with-java-home=/usr/lib/jvm/java-1.5.0-gcj-4.8-amd64/jre --enable-java-home --with-jvm-root-dir=/usr/lib/jvm/java-1.5.0-gcj-4.8-amd64 --with-jvm-jar-dir=/usr/lib/jvm-exports/java-1.5.0-gcj-4.8-amd64 --with-arch-directory=amd64 --with-ecj-jar=/usr/share/java/eclipse-ecj.jar --enable-objc-gc --enable-multiarch --disable-werror --with-arch-32=i686 --with-abi=m64 --with-multilib-list=m32,m64,mx32 --with-tune=generic --enable-checking=release --build=x86_64-linux-gnu --host=x86_64-linux-gnu --target=x86_64-linux-gnu
Thread model: posix
gcc version 4.8.4 (Ubuntu 4.8.4-2ubuntu1~14.04.1) 
configure:10414: $? = 0
configure:10421: g++ -V >&5
g++: error: unrecognized command line option '-V'
g++: fatal error: no input files
compilation terminated.
configure:10425: $? = 4
configure:10428: checking whether we are using the GNU C++ compiler
configure:10481: result: yes
configure:10490: checking whether g++ accepts -g
configure:10628: result: yes
configure:10653: checking dependency style of g++
configure:10763: result: gcc3
configure:10786: checking how to run the C++ preprocessor
configure:10822: g++ -E  conftest.cpp
configure:10829: $? = 0
configure:10860: g++ -E  conftest.cpp
conftest.cpp:30:28: fatal error: ac_nonexistent.h: No such file or directory
 #include <ac_nonexistent.h>
                            ^
compilation terminated.
configure:10867: $? = 1
configure: failed program was:
| /* confdefs.h.  */
| #define PACKAGE_NAME "FastJet"
| #define PACKAGE_TARNAME "fastjet"
| #define PACKAGE_VERSION "3.1.3"
| #define PACKAGE_STRING "FastJet 3.1.3"
| #define PACKAGE_BUGREPORT ""
| #define PACKAGE "fastjet"
| #define VERSION "3.1.3"
| #define STDC_HEADERS 1
| #define HAVE_SYS_TYPES_H 1
| #define HAVE_SYS_STAT_H 1
| #define HAVE_STDLIB_H 1
| #define HAVE_STRING_H 1
| #define HAVE_MEMORY_H 1
| #define HAVE_STRINGS_H 1
| #define HAVE_INTTYPES_H 1
| #define HAVE_STDINT_H 1
| #define HAVE_UNISTD_H 1
| #define STDC_HEADERS 1
| #define HAVE_EXECINFO_H 1
| #define HAVE_LIBM 1
| #define ENABLE_PLUGIN_SISCONE /**/
| #define ENABLE_PLUGIN_CDFCONES /**/
| #define ENABLE_PLUGIN_NESTEDDEFS /**/
| #define ENABLE_PLUGIN_EECAMBRIDGE /**/
| #define ENABLE_PLUGIN_JADE /**/
| #define ENABLE_PLUGIN_GRIDJET /**/
| #define HAVE_DLFCN_H 1
| /* end confdefs.h.  */
| #include <ac_nonexistent.h>
configure:10900: result: g++ -E
configure:10929: g++ -E  conftest.cpp
configure:10936: $? = 0
configure:10967: g++ -E  conftest.cpp
conftest.cpp:30:28: fatal error: ac_nonexistent.h: No such file or directory
 #include <ac_nonexistent.h>
                            ^
compilation terminated.
configure:10974: $? = 1
configure: failed program was:
| /* confdefs.h.  */
| #define PACKAGE_NAME "FastJet"
| #define PACKAGE_TARNAME "fastjet"
| #define PACKAGE_VERSION "3.1.3"
| #define PACKAGE_STRING "FastJet 3.1.3"
| #define PACKAGE_BUGREPORT ""
| #define PACKAGE "fastjet"
| #define VERSION "3.1.3"
| #define STDC_HEADERS 1
| #define HAVE_SYS_TYPES_H 1
| #define HAVE_SYS_STAT_H 1
| #define HAVE_STDLIB_H 1
| #define HAVE_STRING_H 1
| #define HAVE_MEMORY_H 1
| #define HAVE_STRINGS_H 1
| #define HAVE_INTTYPES_H 1
| #define HAVE_STDINT_H 1
| #define HAVE_UNISTD_H 1
| #define STDC_HEADERS 1
| #define HAVE_EXECINFO_H 1
| #define HAVE_LIBM 1
| #define ENABLE_PLUGIN_SISCONE /**/
| #define ENABLE_PLUGIN_CDFCONES /**/
| #define ENABLE_PLUGIN_NESTEDDEFS /**/
| #define ENABLE_PLUGIN_EECAMBRIDGE /**/
| #define ENABLE_PLUGIN_JADE /**/
| #define ENABLE_PLUGIN_GRIDJET /**/
| #define HAVE_DLFCN_H 1
| /* end confdefs.h.  */
| #include <ac_nonexistent.h>
configure:11157: checking for objdir
configure:11172: result: .libs
configure:11468: checking if gcc supports -fno-rtti -fno-exceptions
configure:11486: gcc -c -g -O2  -fno-rtti -fno-exceptions conftest.c >&5
cc1: warning: command line option '-fno-rtti' is valid for C++/ObjC++ but not for C [enabled by default]
configure:11490: $? = 0
configure:11503: result: no
configure:11523: checking for gcc option to produce PIC
configure:11795: result: -fPIC -DPIC
configure:11807: checking if gcc PIC flag -fPIC -DPIC works
configure:11825: gcc -c -g -O2  -fPIC -DPIC -DPIC conftest.c >&5
configure:11829: $? = 0
configure:11842: result: yes
configure:11866: checking if gcc static flag -static works
configure:11894: result: yes
configure:11909: checking if gcc supports -c -o file.o
configure:11930: gcc -c -g -O2  -o out/conftest2.o conftest.c >&5
configure:11934: $? = 0
configure:11956: result: yes
configure:11964: checking if gcc supports -c -o file.o
configure:12011: result: yes
configure:12044: checking whether the gcc linker (/usr/bin/ld -m elf_x86_64) supports shared libraries
configure:13118: result: yes
configure:13155: checking whether -lc should be explicitly linked in
configure:13160: gcc -c -g -O2  conftest.c >&5
configure:13163: $? = 0
configure:13178: gcc -shared conftest.o  -v -Wl,-soname -Wl,conftest -o conftest 2\>\&1 \| /bin/grep  -lc  \>/dev/null 2\>\&1
configure:13181: $? = 0
configure:13193: result: no
configure:13357: checking dynamic linker characteristics
configure:13800: gcc -o conftest -g -O2   -Wl,-rpath -Wl,/foo conftest.c -lm  >&5
configure:13807: $? = 0
configure:14043: result: GNU/Linux ld.so
configure:14145: checking how to hardcode library paths into programs
configure:14170: result: immediate
configure:15003: checking whether stripping libraries is possible
configure:15008: result: yes
configure:15043: checking if libtool supports shared libraries
configure:15045: result: yes
configure:15048: checking whether to build shared libraries
configure:15069: result: yes
configure:15072: checking whether to build static libraries
configure:15076: result: yes
configure:15226: checking for ld used by g++
configure:15293: result: /usr/bin/ld -m elf_x86_64
configure:15302: checking if the linker (/usr/bin/ld -m elf_x86_64) is GNU ld
configure:15317: result: yes
configure:15372: checking whether the g++ linker (/usr/bin/ld -m elf_x86_64) supports shared libraries
configure:16347: result: yes
configure:16375: g++ -c -O2 -Wall  conftest.cpp >&5
configure:16378: $? = 0
configure:16560: checking for g++ option to produce PIC
configure:16877: result: -fPIC -DPIC
configure:16886: checking if g++ PIC flag -fPIC -DPIC works
configure:16904: g++ -c -O2 -Wall  -fPIC -DPIC -DPIC conftest.cpp >&5
configure:16908: $? = 0
configure:16921: result: yes
configure:16942: checking if g++ static flag -static works
configure:16970: result: yes
configure:16982: checking if g++ supports -c -o file.o
configure:17003: g++ -c -O2 -Wall  -o out/conftest2.o conftest.cpp >&5
configure:17007: $? = 0
configure:17029: result: yes
configure:17034: checking if g++ supports -c -o file.o
configure:17081: result: yes
configure:17111: checking whether the g++ linker (/usr/bin/ld -m elf_x86_64) supports shared libraries
configure:17137: result: yes
configure:17274: checking dynamic linker characteristics
configure:17665: g++ -o conftest -O2 -Wall   -Wl,-rpath -Wl,/foo conftest.cpp -lm  >&5
configure:17672: $? = 0
configure:17908: result: GNU/Linux ld.so
configure:17959: checking how to hardcode library paths into programs
configure:17984: result: immediate
configure:22043: creating ./config.status

## ---------------------- ##
## Running config.status. ##
## ---------------------- ##

This file was extended by FastJet config.status 3.1.3, which was
generated by GNU Autoconf 2.63.  Invocation command line was

  CONFIG_FILES    = 
  CONFIG_HEADERS  = 
  CONFIG_LINKS    = 
  CONFIG_COMMANDS = 
  $ ./config.status 

on rnc-student

config.status:1204: creating plugins/Makefile
config.status:1204: creating plugins/SISCone/Makefile
config.status:1204: creating plugins/SISCone/fastjet/Makefile
config.status:1204: creating plugins/CDFCones/Makefile
config.status:1204: creating plugins/CDFCones/fastjet/Makefile
config.status:1204: creating plugins/CDFCones/CDFcode/Makefile
config.status:1204: creating plugins/PxCone/Makefile
config.status:1204: creating plugins/PxCone/fastjet/Makefile
config.status:1204: creating plugins/D0RunIICone/Makefile
config.status:1204: creating plugins/D0RunIICone/fastjet/Makefile
config.status:1204: creating plugins/NestedDefs/Makefile
config.status:1204: creating plugins/NestedDefs/fastjet/Makefile
config.status:1204: creating plugins/TrackJet/Makefile
config.status:1204: creating plugins/TrackJet/fastjet/Makefile
config.status:1204: creating plugins/ATLASCone/Makefile
config.status:1204: creating plugins/ATLASCone/fastjet/Makefile
config.status:1204: creating plugins/CMSIterativeCone/Makefile
config.status:1204: creating plugins/CMSIterativeCone/fastjet/Makefile
config.status:1204: creating plugins/EECambridge/Makefile
config.status:1204: creating plugins/EECambridge/fastjet/Makefile
config.status:1204: creating plugins/Jade/Makefile
config.status:1204: creating plugins/Jade/fastjet/Makefile
config.status:1204: creating plugins/D0RunICone/Makefile
config.status:1204: creating plugins/D0RunICone/fastjet/Makefile
config.status:1204: creating plugins/GridJet/Makefile
config.status:1204: creating plugins/GridJet/fastjet/Makefile
config.status:1204: creating tools/Makefile
config.status:1204: creating tools/fastjet/Makefile
config.status:1204: creating tools/fastjet/tools/Makefile
config.status:1204: creating example/Makefile
config.status:1204: creating example/data/Makefile
config.status:1204: creating example/root/Makefile
config.status:1204: creating doc/Makefile
config.status:1204: creating doc/figs/Makefile
config.status:1204: creating fastjet-config
config.status:1204: creating fortran_wrapper/Makefile
config.status:1204: creating Makefile
config.status:1204: creating src/Makefile
config.status:1204: creating include/Makefile
config.status:1204: creating include/fastjet/Makefile
config.status:1204: creating include/fastjet/internal/Makefile
config.status:1204: creating include/fastjet/config_raw.h
config.status:1478: executing include/fastjet/config_auto.h commands
config.status:1518: creating include/fastjet/config_auto.h - prefix FASTJET for include/fastjet/config_raw.h defines
config.status:1478: executing depfiles commands
config.status:1478: executing libtool commands
configure:25013: === configuring in plugins/SISCone/siscone (/home/student/jet-radius-analysis/fastjet-3.1.3/plugins/SISCone/siscone)
configure:25116: running /bin/bash ./configure --disable-option-checking '--prefix=/home/student/jet-radius-analysis/fastjet-3.1.3/../fastjet-install'  --cache-file=/dev/null --srcdir=.

## ---------------- ##
## Cache variables. ##
## ---------------- ##

ac_cv_build=x86_64-unknown-linux-gnu
ac_cv_c_compiler_gnu=yes
ac_cv_cxx_compiler_gnu=yes
ac_cv_env_CCC_set=
ac_cv_env_CCC_value=
ac_cv_env_CC_set=
ac_cv_env_CC_value=
ac_cv_env_CFLAGS_set=
ac_cv_env_CFLAGS_value=
ac_cv_env_CPPFLAGS_set=
ac_cv_env_CPPFLAGS_value=
ac_cv_env_CPP_set=
ac_cv_env_CPP_value=
ac_cv_env_CXXCPP_set=
ac_cv_env_CXXCPP_value=
ac_cv_env_CXXFLAGS_set=
ac_cv_env_CXXFLAGS_value=
ac_cv_env_CXX_set=
ac_cv_env_CXX_value=
ac_cv_env_FCFLAGS_set=
ac_cv_env_FCFLAGS_value=
ac_cv_env_FC_set=
ac_cv_env_FC_value=
ac_cv_env_LDFLAGS_set=
ac_cv_env_LDFLAGS_value=
ac_cv_env_LIBS_set=
ac_cv_env_LIBS_value=
ac_cv_env_build_alias_set=
ac_cv_env_build_alias_value=
ac_cv_env_host_alias_set=
ac_cv_env_host_alias_value=
ac_cv_env_target_alias_set=
ac_cv_env_target_alias_value=
ac_cv_header_dlfcn_h=yes
ac_cv_header_execinfo_h=yes
ac_cv_header_inttypes_h=yes
ac_cv_header_memory_h=yes
ac_cv_header_stdc=yes
ac_cv_header_stdint_h=yes
ac_cv_header_stdlib_h=yes
ac_cv_header_string_h=yes
ac_cv_header_strings_h=yes
ac_cv_header_sys_stat_h=yes
ac_cv_header_sys_types_h=yes
ac_cv_header_unistd_h=yes
ac_cv_host=x86_64-unknown-linux-gnu
ac_cv_lib_m_cos=yes
ac_cv_objext=o
ac_cv_path_EGREP='/bin/grep -E'
ac_cv_path_FGREP='/bin/grep -F'
ac_cv_path_GREP=/bin/grep
ac_cv_path_SED=/bin/sed
ac_cv_path_install='/usr/bin/install -c'
ac_cv_path_mkdir=/bin/mkdir
ac_cv_prog_AWK=mawk
ac_cv_prog_CPP='gcc -E'
ac_cv_prog_CXXCPP='g++ -E'
ac_cv_prog_ac_ct_AR=ar
ac_cv_prog_ac_ct_CC=gcc
ac_cv_prog_ac_ct_CXX=g++
ac_cv_prog_ac_ct_OBJDUMP=objdump
ac_cv_prog_ac_ct_RANLIB=ranlib
ac_cv_prog_ac_ct_STRIP=strip
ac_cv_prog_cc_c89=
ac_cv_prog_cc_g=yes
ac_cv_prog_cxx_found=yes
ac_cv_prog_cxx_g=yes
ac_cv_prog_make_make_set=yes
ac_cv_type_int=yes
ac_cv_type_long=yes
am_cv_CC_dependencies_compiler_type=gcc3
am_cv_CXX_dependencies_compiler_type=gcc3
am_cv_prog_tar_ustar=gnutar
lt_cv_deplibs_check_method=pass_all
lt_cv_file_magic_cmd='$MAGIC_CMD'
lt_cv_file_magic_test_file=
lt_cv_ld_reload_flag=-r
lt_cv_nm_interface='BSD nm'
lt_cv_objdir=.libs
lt_cv_path_LD=/usr/bin/ld
lt_cv_path_LDCXX='/usr/bin/ld -m elf_x86_64'
lt_cv_path_NM='/usr/bin/nm -B'
lt_cv_prog_compiler_c_o=yes
lt_cv_prog_compiler_c_o_CXX=yes
lt_cv_prog_compiler_pic_works=yes
lt_cv_prog_compiler_pic_works_CXX=yes
lt_cv_prog_compiler_rtti_exceptions=no
lt_cv_prog_compiler_static_works=yes
lt_cv_prog_compiler_static_works_CXX=yes
lt_cv_prog_gnu_ld=yes
lt_cv_prog_gnu_ldcxx=yes
lt_cv_sys_global_symbol_pipe='sed -n -e '\''s/^.*[	 ]\([ABCDGIRSTW][ABCDGIRSTW]*\)[	 ][	 ]*\([_A-Za-z][_A-Za-z0-9]*\)$/\1 \2 \2/p'\'''
lt_cv_sys_global_symbol_to_c_name_address='sed -n -e '\''s/^: \([^ ]*\) $/  {\"\1\", (void *) 0},/p'\'' -e '\''s/^[ABCDGIRSTW]* \([^ ]*\) \([^ ]*\)$/  {"\2", (void *) \&\2},/p'\'''
lt_cv_sys_global_symbol_to_c_name_address_lib_prefix='sed -n -e '\''s/^: \([^ ]*\) $/  {\"\1\", (void *) 0},/p'\'' -e '\''s/^[ABCDGIRSTW]* \([^ ]*\) \(lib[^ ]*\)$/  {"\2", (void *) \&\2},/p'\'' -e '\''s/^[ABCDGIRSTW]* \([^ ]*\) \([^ ]*\)$/  {"lib\2", (void *) \&\2},/p'\'''
lt_cv_sys_global_symbol_to_cdecl='sed -n -e '\''s/^T .* \(.*\)$/extern int \1();/p'\'' -e '\''s/^[ABCDGIRSTW]* .* \(.*\)$/extern char \1;/p'\'''
lt_cv_sys_max_cmd_len=1572864

## ----------------- ##
## Output variables. ##
## ----------------- ##

ACLOCAL='${SHELL} /home/student/jet-radius-analysis/fastjet-3.1.3/missing --run aclocal-1.11'
AMDEPBACKSLASH='\'
AMDEP_FALSE='#'
AMDEP_TRUE=''
AMTAR='${SHELL} /home/student/jet-radius-analysis/fastjet-3.1.3/missing --run tar'
AM_CXXFLAGS='-O2 -Wall  -g  -Woverloaded-virtual  -DDROP_CGAL '
AM_FCFLAGS=''
AM_FFLAGS=''
AR='ar'
AUTOCONF='${SHELL} /home/student/jet-radius-analysis/fastjet-3.1.3/missing --run autoconf'
AUTOHEADER='${SHELL} /home/student/jet-radius-analysis/fastjet-3.1.3/missing --run autoheader'
AUTOMAKE='${SHELL} /home/student/jet-radius-analysis/fastjet-3.1.3/missing --run automake-1.11'
AWK='mawk'
BUILD_PLUGIN_ATLASCONE_FALSE=''
BUILD_PLUGIN_ATLASCONE_TRUE='#'
BUILD_PLUGIN_CDFCONES_FALSE='#'
BUILD_PLUGIN_CDFCONES_TRUE=''
BUILD_PLUGIN_CMSITERATIVECONE_FALSE=''
BUILD_PLUGIN_CMSITERATIVECONE_TRUE='#'
BUILD_PLUGIN_D0RUNICONE_FALSE=''
BUILD_PLUGIN_D0RUNICONE_TRUE='#'
BUILD_PLUGIN_D0RUNIICONE_FALSE=''
BUILD_PLUGIN_D0RUNIICONE_TRUE='#'
BUILD_PLUGIN_EECAMBRIDGE_FALSE='#'
BUILD_PLUGIN_EECAMBRIDGE_TRUE=''
BUILD_PLUGIN_GRIDJET_FALSE='#'
BUILD_PLUGIN_GRIDJET_TRUE=''
BUILD_PLUGIN_JADE_FALSE='#'
BUILD_PLUGIN_JADE_TRUE=''
BUILD_PLUGIN_NESTEDDEFS_FALSE='#'
BUILD_PLUGIN_NESTEDDEFS_TRUE=''
BUILD_PLUGIN_PXCONE_FALSE=''
BUILD_PLUGIN_PXCONE_TRUE='#'
BUILD_PLUGIN_SISCONE_FALSE='#'
BUILD_PLUGIN_SISCONE_TRUE=''
BUILD_PLUGIN_TRACKJET_FALSE=''
BUILD_PLUGIN_TRACKJET_TRUE='#'
CC='gcc'
CCDEPMODE='depmode=gcc3'
CFLAGS='-g -O2'
CGAL_CPPFLAGS=''
CGAL_LIBS=''
CONFIGURE_INVOCATION='./configure  '\''--prefix=/home/student/jet-radius-analysis/fastjet-3.1.3/../fastjet-install'\'''
CONFIG_CXXFLAGS=''
CONFIG_LIBS=' -lm '
CONFIG_LIBS_PLUGINS=' -lfastjetplugins  -lsiscone_spherical -lsiscone'
CONFIG_LIBS_PLUGINS_STATIC=' ${installationdir}/lib/libfastjetplugins.a  ${installationdir}/lib/libsiscone.a ${installationdir}/lib/libsiscone_spherical.a'
CONFIG_RUNPATH_FLAGS='-Wl,--enable-new-dtags'
CONFIG_SUMMARY='Configuration summary:\n----------------------\n  Installation directory     /home/student/jet-radius-analysis/fastjet-3.1.3/../fastjet-install\n  Shared libraries           yes\n  Static libraries           yes\n  Debug flag                 yes\n  CGAL support               no\n  Plugins: EECambridge       yes\n           Jade              yes\n           NestedDefs        yes\n           SISCone           yes\n           CDFCones          yes\n           D0RunICone        no\n           D0RunIICone       no\n           ATLASCone         no\n           CMSIterativeCone  no\n           PxCone            no\n           TrackJet          no\n           GridJet           yes\n  Monolithic plugins lib     yes\n'
CPP='gcc -E'
CPPFLAGS=''
CXX='g++'
CXXCPP='g++ -E'
CXXDEPMODE='depmode=gcc3'
CXXFLAGS=''
CYGPATH_W='echo'
D0_CXXFLAGS=''
DEFS='-DHAVE_CONFIG_H'
DEPDIR='.deps'
DSYMUTIL=''
DUMPBIN=''
ECHO_C=''
ECHO_N='-n'
ECHO_T=''
EGREP='/bin/grep -E'
EXEEXT=''
F77=''
FC=''
FCFLAGS=''
FCLIBS=''
FFLAGS=''
FGREP='/bin/grep -F'
FLIBS=''
GREP='/bin/grep'
HAS_RUNPATH_SUPPORT='yes'
HAS_SHARED='yes'
INSTALL_DATA='${INSTALL} -m 644'
INSTALL_PROGRAM='${INSTALL}'
INSTALL_SCRIPT='${INSTALL}'
INSTALL_STRIP_PROGRAM='$(install_sh) -c -s'
LD='/usr/bin/ld -m elf_x86_64'
LDFLAGS=''
LIBOBJS=''
LIBS='-lm '
LIBTOOL='$(SHELL) $(top_builddir)/libtool'
LIPO=''
LIST_ALL_PLUGINS=' SISCone CDFCones NestedDefs EECambridge Jade GridJet'
LN_S='ln -s'
LTLIBOBJS=''
MAKEINFO='${SHELL} /home/student/jet-radius-analysis/fastjet-3.1.3/missing --run makeinfo'
MKDIR_P='/bin/mkdir -p'
MONOLITHIC_PLUGINS_FALSE='#'
MONOLITHIC_PLUGINS_TRUE=''
NM='/usr/bin/nm -B'
NMEDIT=''
OBJDUMP='objdump'
OBJEXT='o'
OTOOL64=''
OTOOL=''
PACKAGE='fastjet'
PACKAGE_BUGREPORT=''
PACKAGE_NAME='FastJet'
PACKAGE_STRING='FastJet 3.1.3'
PACKAGE_TARNAME='fastjet'
PACKAGE_VERSION='3.1.3'
PATH_SEPARATOR=':'
RANLIB='ranlib'
SED='/bin/sed'
SET_MAKE=''
SHELL='/bin/bash'
STRIP='strip'
VERSION='3.1.3'
ac_ct_CC='gcc'
ac_ct_CXX='g++'
ac_ct_DUMPBIN=''
ac_ct_FC=''
am__EXEEXT_FALSE=''
am__EXEEXT_TRUE='#'
am__fastdepCC_FALSE='#'
am__fastdepCC_TRUE=''
am__fastdepCXX_FALSE='#'
am__fastdepCXX_TRUE=''
am__include='include'
am__isrc=''
am__leading_dot='.'
am__quote=''
am__tar='tar --format=ustar -chf - "$$tardir"'
am__untar='tar -xf -'
bindir='${exec_prefix}/bin'
build='x86_64-unknown-linux-gnu'
build_alias=''
build_cpu='x86_64'
build_os='linux-gnu'
build_vendor='unknown'
cxx_found='yes'
datadir='${datarootdir}'
datarootdir='${prefix}/share'
docdir='${datarootdir}/doc/${PACKAGE_TARNAME}'
dvidir='${docdir}'
exec_prefix='${prefix}'
host='x86_64-unknown-linux-gnu'
host_alias=''
host_cpu='x86_64'
host_os='linux-gnu'
host_vendor='unknown'
htmldir='${docdir}'
includedir='${prefix}/include'
infodir='${datarootdir}/info'
install_sh='${SHELL} /home/student/jet-radius-analysis/fastjet-3.1.3/install-sh'
libdir='${exec_prefix}/lib'
libexecdir='${exec_prefix}/libexec'
localedir='${datarootdir}/locale'
localstatedir='${prefix}/var'
lt_ECHO='echo'
mandir='${datarootdir}/man'
mkdir_p='/bin/mkdir -p'
oldincludedir='/usr/include'
pdfdir='${docdir}'
prefix='/home/student/jet-radius-analysis/fastjet-3.1.3/../fastjet-install'
program_transform_name='s,x,x,'
psdir='${docdir}'
sbindir='${exec_prefix}/sbin'
sharedstatedir='${prefix}/com'
subdirs=' plugins/SISCone/siscone'
sysconfdir='${prefix}/etc'
target_alias=''

## ----------- ##
## confdefs.h. ##
## ----------- ##

#define PACKAGE_NAME "FastJet"
#define PACKAGE_TARNAME "fastjet"
#define PACKAGE_VERSION "3.1.3"
#define PACKAGE_STRING "FastJet 3.1.3"
#define PACKAGE_BUGREPORT ""
#define PACKAGE "fastjet"
#define VERSION "3.1.3"
#define STDC_HEADERS 1
#define HAVE_SYS_TYPES_H 1
#define HAVE_SYS_STAT_H 1
#define HAVE_STDLIB_H 1
#define HAVE_STRING_H 1
#define HAVE_MEMORY_H 1
#define HAVE_STRINGS_H 1
#define HAVE_INTTYPES_H 1
#define HAVE_STDINT_H 1
#define HAVE_UNISTD_H 1
#define STDC_HEADERS 1
#define HAVE_EXECINFO_H 1
#define HAVE_LIBM 1
#define ENABLE_PLUGIN_SISCONE /**/
#define ENABLE_PLUGIN_CDFCONES /**/
#define ENABLE_PLUGIN_NESTEDDEFS /**/
#define ENABLE_PLUGIN_EECAMBRIDGE /**/
#define ENABLE_PLUGIN_JADE /**/
#define ENABLE_PLUGIN_GRIDJET /**/
#define HAVE_DLFCN_H 1
#define LT_OBJDIR ".libs/"
#define VERSION_MAJOR 3
#define VERSION_MINOR 1
#define VERSION_PATCHLEVEL 3
#define VERSION_NUMBER 30103

configure: exit 0
